{"C:\\Users\\mateu\\Documents\\gitlab\\plataforma-de-divulgacao-de-eventos\\src\\middlewares\\asyncWrapper.js": {"path":"C:\\Users\\mateu\\Documents\\gitlab\\plataforma-de-divulgacao-de-eventos\\src\\middlewares\\asyncWrapper.js","statementMap":{"0":{"start":{"line":3,"column":21},"end":{"line":7,"column":1}},"1":{"start":{"line":4,"column":4},"end":{"line":6,"column":6}},"2":{"start":{"line":5,"column":8},"end":{"line":5,"column":61}}},"fnMap":{"0":{"name":"(anonymous_0)","decl":{"start":{"line":3,"column":21},"end":{"line":3,"column":22}},"loc":{"start":{"line":3,"column":34},"end":{"line":7,"column":1}},"line":3},"1":{"name":"(anonymous_1)","decl":{"start":{"line":4,"column":11},"end":{"line":4,"column":12}},"loc":{"start":{"line":4,"column":31},"end":{"line":6,"column":5}},"line":4}},"branchMap":{},"s":{"0":4,"1":3,"2":3},"f":{"0":3,"1":3},"b":{},"_coverageSchema":"1a1c01bbd47fc00a2c39e90264f33305004495a9","hash":"55628b5a0d3ac9c84dba72e93b2e9e5d58e6f7ec"}
,"C:\\Users\\mateu\\Documents\\gitlab\\plataforma-de-divulgacao-de-eventos\\src\\models\\Evento.js": {"path":"C:\\Users\\mateu\\Documents\\gitlab\\plataforma-de-divulgacao-de-eventos\\src\\models\\Evento.js","statementMap":{"0":{"start":{"line":9,"column":29},"end":{"line":66,"column":9}},"1":{"start":{"line":28,"column":90},"end":{"line":28,"column":104}},"2":{"start":{"line":39,"column":52},"end":{"line":39,"column":66}},"3":{"start":{"line":49,"column":52},"end":{"line":49,"column":66}},"4":{"start":{"line":59,"column":52},"end":{"line":59,"column":66}},"5":{"start":{"line":68,"column":8},"end":{"line":68,"column":46}},"6":{"start":{"line":70,"column":8},"end":{"line":70,"column":61}}},"fnMap":{"0":{"name":"(anonymous_0)","decl":{"start":{"line":8,"column":4},"end":{"line":8,"column":5}},"loc":{"start":{"line":8,"column":18},"end":{"line":71,"column":5}},"line":8},"1":{"name":"(anonymous_1)","decl":{"start":{"line":28,"column":81},"end":{"line":28,"column":82}},"loc":{"start":{"line":28,"column":90},"end":{"line":28,"column":104}},"line":28},"2":{"name":"(anonymous_2)","decl":{"start":{"line":39,"column":43},"end":{"line":39,"column":44}},"loc":{"start":{"line":39,"column":52},"end":{"line":39,"column":66}},"line":39},"3":{"name":"(anonymous_3)","decl":{"start":{"line":49,"column":43},"end":{"line":49,"column":44}},"loc":{"start":{"line":49,"column":52},"end":{"line":49,"column":66}},"line":49},"4":{"name":"(anonymous_4)","decl":{"start":{"line":59,"column":43},"end":{"line":59,"column":44}},"loc":{"start":{"line":59,"column":52},"end":{"line":59,"column":66}},"line":59}},"branchMap":{},"s":{"0":3,"1":31,"2":31,"3":31,"4":31,"5":3,"6":3},"f":{"0":3,"1":31,"2":31,"3":31,"4":31},"b":{},"_coverageSchema":"1a1c01bbd47fc00a2c39e90264f33305004495a9","hash":"61f414f93588d7904ddab1da8e302e34b39fcc70"}
,"C:\\Users\\mateu\\Documents\\gitlab\\plataforma-de-divulgacao-de-eventos\\src\\models\\Usuario.js": {"path":"C:\\Users\\mateu\\Documents\\gitlab\\plataforma-de-divulgacao-de-eventos\\src\\models\\Usuario.js","statementMap":{"0":{"start":{"line":7,"column":30},"end":{"line":17,"column":9}},"1":{"start":{"line":19,"column":8},"end":{"line":19,"column":47}},"2":{"start":{"line":21,"column":8},"end":{"line":21,"column":63}}},"fnMap":{"0":{"name":"(anonymous_0)","decl":{"start":{"line":6,"column":4},"end":{"line":6,"column":5}},"loc":{"start":{"line":6,"column":18},"end":{"line":22,"column":5}},"line":6}},"branchMap":{},"s":{"0":4,"1":4,"2":4},"f":{"0":4},"b":{},"_coverageSchema":"1a1c01bbd47fc00a2c39e90264f33305004495a9","hash":"8c69de651a622d4fbdb9bbd53e6540e4e19e4ea4"}
,"C:\\Users\\mateu\\Documents\\gitlab\\plataforma-de-divulgacao-de-eventos\\src\\repositories\\EventoRepository.js": {"path":"C:\\Users\\mateu\\Documents\\gitlab\\plataforma-de-divulgacao-de-eventos\\src\\repositories\\EventoRepository.js","statementMap":{"0":{"start":{"line":13,"column":8},"end":{"line":13,"column":33}},"1":{"start":{"line":14,"column":8},"end":{"line":14,"column":41}},"2":{"start":{"line":19,"column":8},"end":{"line":19,"column":53}},"3":{"start":{"line":24,"column":21},"end":{"line":24,"column":44}},"4":{"start":{"line":25,"column":8},"end":{"line":25,"column":20}},"5":{"start":{"line":30,"column":21},"end":{"line":30,"column":50}},"6":{"start":{"line":32,"column":8},"end":{"line":40,"column":9}},"7":{"start":{"line":33,"column":12},"end":{"line":39,"column":15}},"8":{"start":{"line":42,"column":8},"end":{"line":42,"column":20}},"9":{"start":{"line":47,"column":23},"end":{"line":47,"column":88}},"10":{"start":{"line":49,"column":8},"end":{"line":57,"column":9}},"11":{"start":{"line":50,"column":12},"end":{"line":56,"column":15}},"12":{"start":{"line":58,"column":8},"end":{"line":58,"column":22}},"13":{"start":{"line":63,"column":23},"end":{"line":63,"column":88}},"14":{"start":{"line":65,"column":8},"end":{"line":73,"column":9}},"15":{"start":{"line":66,"column":12},"end":{"line":72,"column":15}},"16":{"start":{"line":74,"column":8},"end":{"line":74,"column":22}},"17":{"start":{"line":79,"column":23},"end":{"line":79,"column":61}},"18":{"start":{"line":80,"column":8},"end":{"line":80,"column":22}}},"fnMap":{"0":{"name":"(anonymous_0)","decl":{"start":{"line":9,"column":4},"end":{"line":9,"column":5}},"loc":{"start":{"line":12,"column":12},"end":{"line":15,"column":5}},"line":12},"1":{"name":"(anonymous_1)","decl":{"start":{"line":18,"column":4},"end":{"line":18,"column":5}},"loc":{"start":{"line":18,"column":34},"end":{"line":20,"column":5}},"line":18},"2":{"name":"(anonymous_2)","decl":{"start":{"line":23,"column":4},"end":{"line":23,"column":5}},"loc":{"start":{"line":23,"column":19},"end":{"line":26,"column":5}},"line":23},"3":{"name":"(anonymous_3)","decl":{"start":{"line":29,"column":4},"end":{"line":29,"column":5}},"loc":{"start":{"line":29,"column":26},"end":{"line":43,"column":5}},"line":29},"4":{"name":"(anonymous_4)","decl":{"start":{"line":46,"column":4},"end":{"line":46,"column":5}},"loc":{"start":{"line":46,"column":34},"end":{"line":59,"column":5}},"line":46},"5":{"name":"(anonymous_5)","decl":{"start":{"line":62,"column":4},"end":{"line":62,"column":5}},"loc":{"start":{"line":62,"column":36},"end":{"line":75,"column":5}},"line":62},"6":{"name":"(anonymous_6)","decl":{"start":{"line":78,"column":4},"end":{"line":78,"column":5}},"loc":{"start":{"line":78,"column":22},"end":{"line":81,"column":5}},"line":78}},"branchMap":{"0":{"loc":{"start":{"line":9,"column":16},"end":{"line":12,"column":10}},"type":"default-arg","locations":[{"start":{"line":12,"column":8},"end":{"line":12,"column":10}}],"line":9},"1":{"loc":{"start":{"line":10,"column":8},"end":{"line":10,"column":33}},"type":"default-arg","locations":[{"start":{"line":10,"column":22},"end":{"line":10,"column":33}}],"line":10},"2":{"loc":{"start":{"line":11,"column":8},"end":{"line":11,"column":35}},"type":"default-arg","locations":[{"start":{"line":11,"column":23},"end":{"line":11,"column":35}}],"line":11},"3":{"loc":{"start":{"line":32,"column":8},"end":{"line":40,"column":9}},"type":"if","locations":[{"start":{"line":32,"column":8},"end":{"line":40,"column":9}},{"start":{},"end":{}}],"line":32},"4":{"loc":{"start":{"line":49,"column":8},"end":{"line":57,"column":9}},"type":"if","locations":[{"start":{"line":49,"column":8},"end":{"line":57,"column":9}},{"start":{},"end":{}}],"line":49},"5":{"loc":{"start":{"line":65,"column":8},"end":{"line":73,"column":9}},"type":"if","locations":[{"start":{"line":65,"column":8},"end":{"line":73,"column":9}},{"start":{},"end":{}}],"line":65}},"s":{"0":20,"1":20,"2":5,"3":2,"4":1,"5":3,"6":2,"7":1,"8":1,"9":3,"10":2,"11":1,"12":1,"13":3,"14":2,"15":1,"16":1,"17":3,"18":2},"f":{"0":20,"1":5,"2":2,"3":3,"4":3,"5":3,"6":3},"b":{"0":[1],"1":[1],"2":[20],"3":[1,1],"4":[1,1],"5":[1,1]},"_coverageSchema":"1a1c01bbd47fc00a2c39e90264f33305004495a9","hash":"38e202547e9a5b206167f035d985f0be27509e49"}
,"C:\\Users\\mateu\\Documents\\gitlab\\plataforma-de-divulgacao-de-eventos\\src\\repositories\\UsuarioRepository.js": {"path":"C:\\Users\\mateu\\Documents\\gitlab\\plataforma-de-divulgacao-de-eventos\\src\\repositories\\UsuarioRepository.js","statementMap":{"0":{"start":{"line":10,"column":8},"end":{"line":10,"column":33}},"1":{"start":{"line":15,"column":24},"end":{"line":15,"column":52}},"2":{"start":{"line":16,"column":8},"end":{"line":16,"column":36}},"3":{"start":{"line":21,"column":21},"end":{"line":21,"column":44}},"4":{"start":{"line":22,"column":8},"end":{"line":22,"column":20}},"5":{"start":{"line":27,"column":24},"end":{"line":27,"column":53}},"6":{"start":{"line":29,"column":8},"end":{"line":37,"column":9}},"7":{"start":{"line":30,"column":12},"end":{"line":36,"column":15}},"8":{"start":{"line":39,"column":8},"end":{"line":39,"column":23}},"9":{"start":{"line":45,"column":24},"end":{"line":45,"column":89}},"10":{"start":{"line":47,"column":8},"end":{"line":55,"column":9}},"11":{"start":{"line":48,"column":12},"end":{"line":54,"column":15}},"12":{"start":{"line":56,"column":8},"end":{"line":56,"column":23}},"13":{"start":{"line":61,"column":24},"end":{"line":61,"column":62}},"14":{"start":{"line":62,"column":8},"end":{"line":62,"column":23}}},"fnMap":{"0":{"name":"(anonymous_0)","decl":{"start":{"line":7,"column":4},"end":{"line":7,"column":5}},"loc":{"start":{"line":9,"column":12},"end":{"line":11,"column":5}},"line":9},"1":{"name":"(anonymous_1)","decl":{"start":{"line":14,"column":4},"end":{"line":14,"column":5}},"loc":{"start":{"line":14,"column":34},"end":{"line":17,"column":5}},"line":14},"2":{"name":"(anonymous_2)","decl":{"start":{"line":20,"column":4},"end":{"line":20,"column":5}},"loc":{"start":{"line":20,"column":19},"end":{"line":23,"column":5}},"line":20},"3":{"name":"(anonymous_3)","decl":{"start":{"line":26,"column":4},"end":{"line":26,"column":5}},"loc":{"start":{"line":26,"column":26},"end":{"line":40,"column":5}},"line":26},"4":{"name":"(anonymous_4)","decl":{"start":{"line":44,"column":4},"end":{"line":44,"column":5}},"loc":{"start":{"line":44,"column":34},"end":{"line":57,"column":5}},"line":44},"5":{"name":"(anonymous_5)","decl":{"start":{"line":60,"column":4},"end":{"line":60,"column":5}},"loc":{"start":{"line":60,"column":22},"end":{"line":63,"column":5}},"line":60}},"branchMap":{"0":{"loc":{"start":{"line":7,"column":16},"end":{"line":9,"column":10}},"type":"default-arg","locations":[{"start":{"line":9,"column":8},"end":{"line":9,"column":10}}],"line":7},"1":{"loc":{"start":{"line":8,"column":8},"end":{"line":8,"column":35}},"type":"default-arg","locations":[{"start":{"line":8,"column":23},"end":{"line":8,"column":35}}],"line":8},"2":{"loc":{"start":{"line":29,"column":8},"end":{"line":37,"column":9}},"type":"if","locations":[{"start":{"line":29,"column":8},"end":{"line":37,"column":9}},{"start":{},"end":{}}],"line":29},"3":{"loc":{"start":{"line":47,"column":8},"end":{"line":55,"column":9}},"type":"if","locations":[{"start":{"line":47,"column":8},"end":{"line":55,"column":9}},{"start":{},"end":{}}],"line":47}},"s":{"0":1,"1":0,"2":0,"3":0,"4":0,"5":0,"6":0,"7":0,"8":0,"9":0,"10":0,"11":0,"12":0,"13":0,"14":0},"f":{"0":1,"1":0,"2":0,"3":0,"4":0,"5":0},"b":{"0":[1],"1":[1],"2":[0,0],"3":[0,0]},"_coverageSchema":"1a1c01bbd47fc00a2c39e90264f33305004495a9","hash":"d3d44d78fa6778f407641dd81ee1b8f4f49619ea"}
,"C:\\Users\\mateu\\Documents\\gitlab\\plataforma-de-divulgacao-de-eventos\\src\\services\\EventoService.js": {"path":"C:\\Users\\mateu\\Documents\\gitlab\\plataforma-de-divulgacao-de-eventos\\src\\services\\EventoService.js","statementMap":{"0":{"start":{"line":9,"column":8},"end":{"line":9,"column":49}},"1":{"start":{"line":14,"column":21},"end":{"line":14,"column":66}},"2":{"start":{"line":15,"column":8},"end":{"line":15,"column":20}},"3":{"start":{"line":20,"column":8},"end":{"line":23,"column":9}},"4":{"start":{"line":21,"column":12},"end":{"line":21,"column":38}},"5":{"start":{"line":22,"column":12},"end":{"line":22,"column":58}},"6":{"start":{"line":25,"column":8},"end":{"line":25,"column":46}},"7":{"start":{"line":30,"column":8},"end":{"line":30,"column":41}},"8":{"start":{"line":32,"column":21},"end":{"line":32,"column":66}},"9":{"start":{"line":33,"column":8},"end":{"line":33,"column":20}},"10":{"start":{"line":38,"column":8},"end":{"line":38,"column":41}},"11":{"start":{"line":40,"column":33},"end":{"line":40,"column":84}},"12":{"start":{"line":41,"column":8},"end":{"line":41,"column":32}},"13":{"start":{"line":46,"column":8},"end":{"line":46,"column":41}},"14":{"start":{"line":48,"column":21},"end":{"line":48,"column":54}},"15":{"start":{"line":49,"column":8},"end":{"line":49,"column":20}},"16":{"start":{"line":60,"column":8},"end":{"line":60,"column":33}},"17":{"start":{"line":61,"column":32},"end":{"line":61,"column":69}},"18":{"start":{"line":62,"column":8},"end":{"line":70,"column":9}},"19":{"start":{"line":63,"column":12},"end":{"line":69,"column":15}},"20":{"start":{"line":71,"column":8},"end":{"line":71,"column":31}}},"fnMap":{"0":{"name":"(anonymous_0)","decl":{"start":{"line":8,"column":4},"end":{"line":8,"column":5}},"loc":{"start":{"line":8,"column":18},"end":{"line":10,"column":5}},"line":8},"1":{"name":"(anonymous_1)","decl":{"start":{"line":13,"column":4},"end":{"line":13,"column":5}},"loc":{"start":{"line":13,"column":34},"end":{"line":16,"column":5}},"line":13},"2":{"name":"(anonymous_2)","decl":{"start":{"line":19,"column":4},"end":{"line":19,"column":5}},"loc":{"start":{"line":19,"column":22},"end":{"line":26,"column":5}},"line":19},"3":{"name":"(anonymous_3)","decl":{"start":{"line":29,"column":4},"end":{"line":29,"column":5}},"loc":{"start":{"line":29,"column":34},"end":{"line":34,"column":5}},"line":29},"4":{"name":"(anonymous_4)","decl":{"start":{"line":37,"column":4},"end":{"line":37,"column":5}},"loc":{"start":{"line":37,"column":40},"end":{"line":42,"column":5}},"line":37},"5":{"name":"(anonymous_5)","decl":{"start":{"line":45,"column":4},"end":{"line":45,"column":5}},"loc":{"start":{"line":45,"column":22},"end":{"line":50,"column":5}},"line":45},"6":{"name":"(anonymous_6)","decl":{"start":{"line":59,"column":4},"end":{"line":59,"column":5}},"loc":{"start":{"line":59,"column":32},"end":{"line":72,"column":5}},"line":59}},"branchMap":{"0":{"loc":{"start":{"line":20,"column":8},"end":{"line":23,"column":9}},"type":"if","locations":[{"start":{"line":20,"column":8},"end":{"line":23,"column":9}},{"start":{},"end":{}}],"line":20},"1":{"loc":{"start":{"line":62,"column":8},"end":{"line":70,"column":9}},"type":"if","locations":[{"start":{"line":62,"column":8},"end":{"line":70,"column":9}},{"start":{},"end":{}}],"line":62}},"s":{"0":1,"1":2,"2":1,"3":5,"4":3,"5":2,"6":2,"7":4,"8":2,"9":1,"10":4,"11":2,"12":1,"13":4,"14":2,"15":1,"16":12,"17":10,"18":10,"19":4,"20":6},"f":{"0":1,"1":2,"2":5,"3":4,"4":4,"5":4,"6":12},"b":{"0":[3,2],"1":[4,6]},"_coverageSchema":"1a1c01bbd47fc00a2c39e90264f33305004495a9","hash":"2c67bcd4c65eee378b3bbe84230f62b4499fd1b1"}
,"C:\\Users\\mateu\\Documents\\gitlab\\plataforma-de-divulgacao-de-eventos\\src\\services\\UsuarioService.js": {"path":"C:\\Users\\mateu\\Documents\\gitlab\\plataforma-de-divulgacao-de-eventos\\src\\services\\UsuarioService.js","statementMap":{"0":{"start":{"line":9,"column":8},"end":{"line":9,"column":50}},"1":{"start":{"line":14,"column":21},"end":{"line":14,"column":66}},"2":{"start":{"line":15,"column":8},"end":{"line":15,"column":20}},"3":{"start":{"line":20,"column":8},"end":{"line":23,"column":9}},"4":{"start":{"line":21,"column":12},"end":{"line":21,"column":38}},"5":{"start":{"line":22,"column":12},"end":{"line":22,"column":58}},"6":{"start":{"line":25,"column":8},"end":{"line":25,"column":46}},"7":{"start":{"line":30,"column":8},"end":{"line":30,"column":40}},"8":{"start":{"line":32,"column":21},"end":{"line":32,"column":66}},"9":{"start":{"line":33,"column":8},"end":{"line":33,"column":20}},"10":{"start":{"line":38,"column":8},"end":{"line":38,"column":40}},"11":{"start":{"line":40,"column":21},"end":{"line":40,"column":54}},"12":{"start":{"line":41,"column":8},"end":{"line":41,"column":20}},"13":{"start":{"line":52,"column":8},"end":{"line":52,"column":33}},"14":{"start":{"line":53,"column":33},"end":{"line":53,"column":70}},"15":{"start":{"line":54,"column":8},"end":{"line":62,"column":9}},"16":{"start":{"line":55,"column":12},"end":{"line":61,"column":15}},"17":{"start":{"line":63,"column":8},"end":{"line":63,"column":32}}},"fnMap":{"0":{"name":"(anonymous_0)","decl":{"start":{"line":8,"column":4},"end":{"line":8,"column":5}},"loc":{"start":{"line":8,"column":18},"end":{"line":10,"column":5}},"line":8},"1":{"name":"(anonymous_1)","decl":{"start":{"line":13,"column":4},"end":{"line":13,"column":5}},"loc":{"start":{"line":13,"column":34},"end":{"line":16,"column":5}},"line":13},"2":{"name":"(anonymous_2)","decl":{"start":{"line":19,"column":4},"end":{"line":19,"column":5}},"loc":{"start":{"line":19,"column":22},"end":{"line":26,"column":5}},"line":19},"3":{"name":"(anonymous_3)","decl":{"start":{"line":29,"column":4},"end":{"line":29,"column":5}},"loc":{"start":{"line":29,"column":34},"end":{"line":34,"column":5}},"line":29},"4":{"name":"(anonymous_4)","decl":{"start":{"line":37,"column":4},"end":{"line":37,"column":5}},"loc":{"start":{"line":37,"column":22},"end":{"line":42,"column":5}},"line":37},"5":{"name":"(anonymous_5)","decl":{"start":{"line":51,"column":4},"end":{"line":51,"column":5}},"loc":{"start":{"line":51,"column":31},"end":{"line":64,"column":5}},"line":51}},"branchMap":{"0":{"loc":{"start":{"line":20,"column":8},"end":{"line":23,"column":9}},"type":"if","locations":[{"start":{"line":20,"column":8},"end":{"line":23,"column":9}},{"start":{},"end":{}}],"line":20},"1":{"loc":{"start":{"line":54,"column":8},"end":{"line":62,"column":9}},"type":"if","locations":[{"start":{"line":54,"column":8},"end":{"line":62,"column":9}},{"start":{},"end":{}}],"line":54}},"s":{"0":1,"1":2,"2":1,"3":5,"4":3,"5":2,"6":2,"7":4,"8":2,"9":1,"10":4,"11":2,"12":1,"13":11,"14":8,"15":8,"16":3,"17":5},"f":{"0":1,"1":2,"2":5,"3":4,"4":4,"5":11},"b":{"0":[3,2],"1":[3,5]},"_coverageSchema":"1a1c01bbd47fc00a2c39e90264f33305004495a9","hash":"a7261d434d86dd95be0682b4606c2c7da3bf9599"}
,"C:\\Users\\mateu\\Documents\\gitlab\\plataforma-de-divulgacao-de-eventos\\src\\utils\\helpers\\CommonResponse.js": {"path":"C:\\Users\\mateu\\Documents\\gitlab\\plataforma-de-divulgacao-de-eventos\\src\\utils\\helpers\\CommonResponse.js","statementMap":{"0":{"start":{"line":7,"column":8},"end":{"line":7,"column":31}},"1":{"start":{"line":8,"column":8},"end":{"line":8,"column":25}},"2":{"start":{"line":9,"column":8},"end":{"line":9,"column":29}},"3":{"start":{"line":10,"column":8},"end":{"line":10,"column":27}},"4":{"start":{"line":11,"column":8},"end":{"line":11,"column":25}},"5":{"start":{"line":15,"column":8},"end":{"line":21,"column":10}},"6":{"start":{"line":25,"column":30},"end":{"line":25,"column":79}},"7":{"start":{"line":26,"column":25},"end":{"line":26,"column":81}},"8":{"start":{"line":27,"column":8},"end":{"line":27,"column":47}},"9":{"start":{"line":31,"column":29},"end":{"line":31,"column":93}},"10":{"start":{"line":32,"column":25},"end":{"line":32,"column":83}},"11":{"start":{"line":33,"column":8},"end":{"line":33,"column":47}},"12":{"start":{"line":37,"column":8},"end":{"line":37,"column":53}},"13":{"start":{"line":41,"column":29},"end":{"line":41,"column":84}},"14":{"start":{"line":42,"column":25},"end":{"line":42,"column":78}},"15":{"start":{"line":43,"column":8},"end":{"line":43,"column":46}},"16":{"start":{"line":54,"column":8},"end":{"line":65,"column":10}}},"fnMap":{"0":{"name":"(anonymous_0)","decl":{"start":{"line":6,"column":4},"end":{"line":6,"column":5}},"loc":{"start":{"line":6,"column":79},"end":{"line":12,"column":5}},"line":6},"1":{"name":"(anonymous_1)","decl":{"start":{"line":14,"column":4},"end":{"line":14,"column":5}},"loc":{"start":{"line":14,"column":13},"end":{"line":22,"column":5}},"line":14},"2":{"name":"(anonymous_2)","decl":{"start":{"line":24,"column":4},"end":{"line":24,"column":5}},"loc":{"start":{"line":24,"column":58},"end":{"line":28,"column":5}},"line":24},"3":{"name":"(anonymous_3)","decl":{"start":{"line":30,"column":4},"end":{"line":30,"column":5}},"loc":{"start":{"line":30,"column":88},"end":{"line":34,"column":5}},"line":30},"4":{"name":"(anonymous_4)","decl":{"start":{"line":36,"column":4},"end":{"line":36,"column":5}},"loc":{"start":{"line":36,"column":46},"end":{"line":38,"column":5}},"line":36},"5":{"name":"(anonymous_5)","decl":{"start":{"line":40,"column":4},"end":{"line":40,"column":5}},"loc":{"start":{"line":40,"column":44},"end":{"line":44,"column":5}},"line":40},"6":{"name":"(anonymous_6)","decl":{"start":{"line":53,"column":4},"end":{"line":53,"column":5}},"loc":{"start":{"line":53,"column":97},"end":{"line":66,"column":5}},"line":53}},"branchMap":{"0":{"loc":{"start":{"line":6,"column":25},"end":{"line":6,"column":36}},"type":"default-arg","locations":[{"start":{"line":6,"column":32},"end":{"line":6,"column":36}}],"line":6},"1":{"loc":{"start":{"line":6,"column":38},"end":{"line":6,"column":49}},"type":"default-arg","locations":[{"start":{"line":6,"column":47},"end":{"line":6,"column":49}}],"line":6},"2":{"loc":{"start":{"line":6,"column":51},"end":{"line":6,"column":64}},"type":"default-arg","locations":[{"start":{"line":6,"column":59},"end":{"line":6,"column":64}}],"line":6},"3":{"loc":{"start":{"line":6,"column":66},"end":{"line":6,"column":77}},"type":"default-arg","locations":[{"start":{"line":6,"column":73},"end":{"line":6,"column":77}}],"line":6},"4":{"loc":{"start":{"line":24,"column":30},"end":{"line":24,"column":40}},"type":"default-arg","locations":[{"start":{"line":24,"column":37},"end":{"line":24,"column":40}}],"line":24},"5":{"loc":{"start":{"line":24,"column":42},"end":{"line":24,"column":56}},"type":"default-arg","locations":[{"start":{"line":24,"column":52},"end":{"line":24,"column":56}}],"line":24},"6":{"loc":{"start":{"line":25,"column":30},"end":{"line":25,"column":79}},"type":"binary-expr","locations":[{"start":{"line":25,"column":30},"end":{"line":25,"column":37}},{"start":{"line":25,"column":41},"end":{"line":25,"column":79}}],"line":25},"7":{"loc":{"start":{"line":30,"column":39},"end":{"line":30,"column":51}},"type":"default-arg","locations":[{"start":{"line":30,"column":47},"end":{"line":30,"column":51}}],"line":30},"8":{"loc":{"start":{"line":30,"column":53},"end":{"line":30,"column":64}},"type":"default-arg","locations":[{"start":{"line":30,"column":62},"end":{"line":30,"column":64}}],"line":30},"9":{"loc":{"start":{"line":30,"column":66},"end":{"line":30,"column":86}},"type":"default-arg","locations":[{"start":{"line":30,"column":82},"end":{"line":30,"column":86}}],"line":30},"10":{"loc":{"start":{"line":31,"column":29},"end":{"line":31,"column":93}},"type":"binary-expr","locations":[{"start":{"line":31,"column":29},"end":{"line":31,"column":42}},{"start":{"line":31,"column":46},"end":{"line":31,"column":93}}],"line":31},"11":{"loc":{"start":{"line":36,"column":30},"end":{"line":36,"column":44}},"type":"default-arg","locations":[{"start":{"line":36,"column":40},"end":{"line":36,"column":44}}],"line":36},"12":{"loc":{"start":{"line":40,"column":28},"end":{"line":40,"column":42}},"type":"default-arg","locations":[{"start":{"line":40,"column":38},"end":{"line":40,"column":42}}],"line":40},"13":{"loc":{"start":{"line":41,"column":29},"end":{"line":41,"column":84}},"type":"binary-expr","locations":[{"start":{"line":41,"column":29},"end":{"line":41,"column":36}},{"start":{"line":41,"column":40},"end":{"line":41,"column":84}}],"line":41},"14":{"loc":{"start":{"line":53,"column":28},"end":{"line":53,"column":44}},"type":"default-arg","locations":[{"start":{"line":53,"column":40},"end":{"line":53,"column":44}}],"line":53},"15":{"loc":{"start":{"line":53,"column":46},"end":{"line":53,"column":95}},"type":"default-arg","locations":[{"start":{"line":53,"column":63},"end":{"line":53,"column":95}}],"line":53},"16":{"loc":{"start":{"line":60,"column":22},"end":{"line":62,"column":63}},"type":"cond-expr","locations":[{"start":{"line":61,"column":22},"end":{"line":61,"column":41}},{"start":{"line":62,"column":22},"end":{"line":62,"column":63}}],"line":60}},"s":{"0":10,"1":10,"2":10,"3":10,"4":10,"5":10,"6":4,"7":4,"8":4,"9":2,"10":2,"11":2,"12":2,"13":2,"14":2,"15":2,"16":0},"f":{"0":10,"1":10,"2":4,"3":2,"4":2,"5":2,"6":0},"b":{"0":[0],"1":[0],"2":[0],"3":[0],"4":[1],"5":[1],"6":[4,2],"7":[1],"8":[1],"9":[1],"10":[2,1],"11":[1],"12":[1],"13":[2,1],"14":[0],"15":[0],"16":[0,0]},"_coverageSchema":"1a1c01bbd47fc00a2c39e90264f33305004495a9","hash":"14c446a3c3a07d573ccd85d16751cb3faf883c66"}
,"C:\\Users\\mateu\\Documents\\gitlab\\plataforma-de-divulgacao-de-eventos\\src\\utils\\helpers\\CustomError.js": {"path":"C:\\Users\\mateu\\Documents\\gitlab\\plataforma-de-divulgacao-de-eventos\\src\\utils\\helpers\\CustomError.js","statementMap":{"0":{"start":{"line":26,"column":6},"end":{"line":26,"column":50}},"1":{"start":{"line":27,"column":6},"end":{"line":27,"column":32}},"2":{"start":{"line":28,"column":6},"end":{"line":28,"column":35}},"3":{"start":{"line":29,"column":6},"end":{"line":29,"column":33}},"4":{"start":{"line":30,"column":6},"end":{"line":30,"column":25}},"5":{"start":{"line":31,"column":6},"end":{"line":31,"column":29}},"6":{"start":{"line":32,"column":6},"end":{"line":32,"column":41}},"7":{"start":{"line":34,"column":6},"end":{"line":34,"column":32}},"8":{"start":{"line":35,"column":6},"end":{"line":35,"column":54}}},"fnMap":{"0":{"name":"(anonymous_0)","decl":{"start":{"line":24,"column":4},"end":{"line":24,"column":5}},"loc":{"start":{"line":24,"column":98},"end":{"line":36,"column":5}},"line":24}},"branchMap":{"0":{"loc":{"start":{"line":24,"column":16},"end":{"line":24,"column":96}},"type":"default-arg","locations":[{"start":{"line":24,"column":94},"end":{"line":24,"column":96}}],"line":24},"1":{"loc":{"start":{"line":24,"column":41},"end":{"line":24,"column":53}},"type":"default-arg","locations":[{"start":{"line":24,"column":49},"end":{"line":24,"column":53}}],"line":24},"2":{"loc":{"start":{"line":24,"column":55},"end":{"line":24,"column":67}},"type":"default-arg","locations":[{"start":{"line":24,"column":65},"end":{"line":24,"column":67}}],"line":24},"3":{"loc":{"start":{"line":24,"column":69},"end":{"line":24,"column":89}},"type":"default-arg","locations":[{"start":{"line":24,"column":85},"end":{"line":24,"column":89}}],"line":24},"4":{"loc":{"start":{"line":26,"column":12},"end":{"line":26,"column":48}},"type":"binary-expr","locations":[{"start":{"line":26,"column":12},"end":{"line":26,"column":25}},{"start":{"line":26,"column":29},"end":{"line":26,"column":48}}],"line":26}},"s":{"0":11,"1":11,"2":11,"3":11,"4":11,"5":11,"6":11,"7":11,"8":11},"f":{"0":11},"b":{"0":[0],"1":[3],"2":[3],"3":[2],"4":[11,2]},"_coverageSchema":"1a1c01bbd47fc00a2c39e90264f33305004495a9","hash":"da99947f7d3e8a3efcb7afa81c32bbc21b33e221"}
,"C:\\Users\\mateu\\Documents\\gitlab\\plataforma-de-divulgacao-de-eventos\\src\\utils\\helpers\\HttpStatusCodes.js": {"path":"C:\\Users\\mateu\\Documents\\gitlab\\plataforma-de-divulgacao-de-eventos\\src\\utils\\helpers\\HttpStatusCodes.js","statementMap":{"0":{"start":{"line":4,"column":16},"end":{"line":4,"column":65}},"1":{"start":{"line":5,"column":21},"end":{"line":5,"column":73}},"2":{"start":{"line":6,"column":22},"end":{"line":6,"column":84}},"3":{"start":{"line":7,"column":24},"end":{"line":7,"column":76}},"4":{"start":{"line":8,"column":27},"end":{"line":8,"column":94}},"5":{"start":{"line":9,"column":29},"end":{"line":9,"column":81}},"6":{"start":{"line":10,"column":26},"end":{"line":10,"column":92}},"7":{"start":{"line":11,"column":30},"end":{"line":11,"column":76}},"8":{"start":{"line":13,"column":30},"end":{"line":13,"column":114}},"9":{"start":{"line":14,"column":31},"end":{"line":14,"column":109}},"10":{"start":{"line":15,"column":19},"end":{"line":15,"column":113}},"11":{"start":{"line":16,"column":23},"end":{"line":16,"column":85}},"12":{"start":{"line":17,"column":26},"end":{"line":17,"column":99}},"13":{"start":{"line":18,"column":23},"end":{"line":18,"column":94}},"14":{"start":{"line":19,"column":32},"end":{"line":19,"column":110}},"15":{"start":{"line":20,"column":32},"end":{"line":20,"column":110}},"16":{"start":{"line":22,"column":25},"end":{"line":22,"column":83}},"17":{"start":{"line":23,"column":26},"end":{"line":23,"column":66}},"18":{"start":{"line":24,"column":23},"end":{"line":24,"column":57}},"19":{"start":{"line":25,"column":23},"end":{"line":25,"column":71}},"20":{"start":{"line":26,"column":32},"end":{"line":26,"column":109}},"21":{"start":{"line":27,"column":29},"end":{"line":27,"column":83}},"22":{"start":{"line":28,"column":22},"end":{"line":28,"column":87}},"23":{"start":{"line":29,"column":18},"end":{"line":29,"column":76}},"24":{"start":{"line":30,"column":31},"end":{"line":30,"column":93}},"25":{"start":{"line":31,"column":25},"end":{"line":31,"column":72}},"26":{"start":{"line":32,"column":34},"end":{"line":32,"column":78}},"27":{"start":{"line":33,"column":20},"end":{"line":33,"column":63}},"28":{"start":{"line":34,"column":45},"end":{"line":34,"column":113}},"29":{"start":{"line":35,"column":43},"end":{"line":35,"column":101}},"30":{"start":{"line":36,"column":27},"end":{"line":36,"column":79}},"31":{"start":{"line":38,"column":35},"end":{"line":38,"column":85}},"32":{"start":{"line":39,"column":29},"end":{"line":39,"column":83}},"33":{"start":{"line":40,"column":25},"end":{"line":40,"column":98}},"34":{"start":{"line":41,"column":33},"end":{"line":41,"column":95}}},"fnMap":{},"branchMap":{},"s":{"0":6,"1":6,"2":6,"3":6,"4":6,"5":6,"6":6,"7":6,"8":6,"9":6,"10":6,"11":6,"12":6,"13":6,"14":6,"15":6,"16":6,"17":6,"18":6,"19":6,"20":6,"21":6,"22":6,"23":6,"24":6,"25":6,"26":6,"27":6,"28":6,"29":6,"30":6,"31":6,"32":6,"33":6,"34":6},"f":{},"b":{},"_coverageSchema":"1a1c01bbd47fc00a2c39e90264f33305004495a9","hash":"0b2ac0b648d746a3ff7fc63cdbdfaeb0209dd784"}
,"C:\\Users\\mateu\\Documents\\gitlab\\plataforma-de-divulgacao-de-eventos\\src\\utils\\helpers\\StatusService.js": {"path":"C:\\Users\\mateu\\Documents\\gitlab\\plataforma-de-divulgacao-de-eventos\\src\\utils\\helpers\\StatusService.js","statementMap":{"0":{"start":{"line":13,"column":23},"end":{"line":13,"column":90}},"1":{"start":{"line":13,"column":69},"end":{"line":13,"column":89}},"2":{"start":{"line":14,"column":8},"end":{"line":14,"column":64}},"3":{"start":{"line":24,"column":8},"end":{"line":29,"column":9}},"4":{"start":{"line":25,"column":12},"end":{"line":27,"column":13}},"5":{"start":{"line":26,"column":16},"end":{"line":26,"column":51}},"6":{"start":{"line":28,"column":12},"end":{"line":28,"column":40}},"7":{"start":{"line":30,"column":8},"end":{"line":30,"column":44}}},"fnMap":{"0":{"name":"(anonymous_0)","decl":{"start":{"line":12,"column":4},"end":{"line":12,"column":5}},"loc":{"start":{"line":12,"column":36},"end":{"line":15,"column":5}},"line":12},"1":{"name":"(anonymous_1)","decl":{"start":{"line":13,"column":59},"end":{"line":13,"column":60}},"loc":{"start":{"line":13,"column":69},"end":{"line":13,"column":89}},"line":13},"2":{"name":"(anonymous_2)","decl":{"start":{"line":23,"column":4},"end":{"line":23,"column":5}},"loc":{"start":{"line":23,"column":47},"end":{"line":31,"column":5}},"line":23}},"branchMap":{"0":{"loc":{"start":{"line":14,"column":15},"end":{"line":14,"column":63}},"type":"cond-expr","locations":[{"start":{"line":14,"column":24},"end":{"line":14,"column":38}},{"start":{"line":14,"column":41},"end":{"line":14,"column":63}}],"line":14},"1":{"loc":{"start":{"line":23,"column":33},"end":{"line":23,"column":45}},"type":"default-arg","locations":[{"start":{"line":23,"column":41},"end":{"line":23,"column":45}}],"line":23},"2":{"loc":{"start":{"line":24,"column":8},"end":{"line":29,"column":9}},"type":"if","locations":[{"start":{"line":24,"column":8},"end":{"line":29,"column":9}},{"start":{},"end":{}}],"line":24},"3":{"loc":{"start":{"line":25,"column":12},"end":{"line":27,"column":13}},"type":"if","locations":[{"start":{"line":25,"column":12},"end":{"line":27,"column":13}},{"start":{},"end":{}}],"line":25}},"s":{"0":2,"1":37,"2":2,"3":3,"4":2,"5":1,"6":1,"7":1},"f":{"0":2,"1":37,"2":3},"b":{"0":[1,1],"1":[2],"2":[2,1],"3":[1,1]},"_coverageSchema":"1a1c01bbd47fc00a2c39e90264f33305004495a9","hash":"45268e2ce2fe5ae9a77504c7e7a28a0de2aa5865"}
,"C:\\Users\\mateu\\Documents\\gitlab\\plataforma-de-divulgacao-de-eventos\\src\\utils\\helpers\\errorHandler.js": {"path":"C:\\Users\\mateu\\Documents\\gitlab\\plataforma-de-divulgacao-de-eventos\\src\\utils\\helpers\\errorHandler.js","statementMap":{"0":{"start":{"line":18,"column":21},"end":{"line":80,"column":1}},"1":{"start":{"line":20,"column":23},"end":{"line":20,"column":60}},"2":{"start":{"line":22,"column":18},"end":{"line":22,"column":26}},"3":{"start":{"line":23,"column":20},"end":{"line":23,"column":42}},"4":{"start":{"line":26,"column":2},"end":{"line":36,"column":3}},"5":{"start":{"line":27,"column":4},"end":{"line":27,"column":88}},"6":{"start":{"line":28,"column":4},"end":{"line":35,"column":6}},"7":{"start":{"line":33,"column":27},"end":{"line":33,"column":73}},"8":{"start":{"line":39,"column":2},"end":{"line":51,"column":3}},"9":{"start":{"line":40,"column":18},"end":{"line":40,"column":52}},"10":{"start":{"line":41,"column":18},"end":{"line":41,"column":66}},"11":{"start":{"line":42,"column":4},"end":{"line":42,"column":88}},"12":{"start":{"line":43,"column":4},"end":{"line":50,"column":6}},"13":{"start":{"line":54,"column":2},"end":{"line":58,"column":3}},"14":{"start":{"line":55,"column":21},"end":{"line":55,"column":95}},"15":{"start":{"line":55,"column":57},"end":{"line":55,"column":93}},"16":{"start":{"line":56,"column":4},"end":{"line":56,"column":99}},"17":{"start":{"line":57,"column":4},"end":{"line":57,"column":77}},"18":{"start":{"line":61,"column":2},"end":{"line":71,"column":3}},"19":{"start":{"line":62,"column":4},"end":{"line":62,"column":89}},"20":{"start":{"line":63,"column":4},"end":{"line":70,"column":6}},"21":{"start":{"line":74,"column":2},"end":{"line":74,"column":103}},"22":{"start":{"line":75,"column":19},"end":{"line":77,"column":50}},"23":{"start":{"line":79,"column":2},"end":{"line":79,"column":71}}},"fnMap":{"0":{"name":"(anonymous_0)","decl":{"start":{"line":18,"column":21},"end":{"line":18,"column":22}},"loc":{"start":{"line":18,"column":46},"end":{"line":80,"column":1}},"line":18},"1":{"name":"(anonymous_1)","decl":{"start":{"line":33,"column":21},"end":{"line":33,"column":22}},"loc":{"start":{"line":33,"column":27},"end":{"line":33,"column":73}},"line":33},"2":{"name":"(anonymous_2)","decl":{"start":{"line":55,"column":51},"end":{"line":55,"column":52}},"loc":{"start":{"line":55,"column":57},"end":{"line":55,"column":93}},"line":55}},"branchMap":{"0":{"loc":{"start":{"line":23,"column":20},"end":{"line":23,"column":42}},"type":"binary-expr","locations":[{"start":{"line":23,"column":20},"end":{"line":23,"column":33}},{"start":{"line":23,"column":37},"end":{"line":23,"column":42}}],"line":23},"1":{"loc":{"start":{"line":26,"column":2},"end":{"line":36,"column":3}},"type":"if","locations":[{"start":{"line":26,"column":2},"end":{"line":36,"column":3}},{"start":{},"end":{}}],"line":26},"2":{"loc":{"start":{"line":39,"column":2},"end":{"line":51,"column":3}},"type":"if","locations":[{"start":{"line":39,"column":2},"end":{"line":51,"column":3}},{"start":{},"end":{}}],"line":39},"3":{"loc":{"start":{"line":40,"column":30},"end":{"line":40,"column":48}},"type":"binary-expr","locations":[{"start":{"line":40,"column":30},"end":{"line":40,"column":42}},{"start":{"line":40,"column":46},"end":{"line":40,"column":48}}],"line":40},"4":{"loc":{"start":{"line":41,"column":18},"end":{"line":41,"column":66}},"type":"cond-expr","locations":[{"start":{"line":41,"column":33},"end":{"line":41,"column":52}},{"start":{"line":41,"column":55},"end":{"line":41,"column":66}}],"line":41},"5":{"loc":{"start":{"line":54,"column":2},"end":{"line":58,"column":3}},"type":"if","locations":[{"start":{"line":54,"column":2},"end":{"line":58,"column":3}},{"start":{},"end":{}}],"line":54},"6":{"loc":{"start":{"line":61,"column":2},"end":{"line":71,"column":3}},"type":"if","locations":[{"start":{"line":61,"column":2},"end":{"line":71,"column":3}},{"start":{},"end":{}}],"line":61},"7":{"loc":{"start":{"line":66,"column":6},"end":{"line":66,"column":41}},"type":"binary-expr","locations":[{"start":{"line":66,"column":6},"end":{"line":66,"column":19}},{"start":{"line":66,"column":23},"end":{"line":66,"column":41}}],"line":66},"8":{"loc":{"start":{"line":67,"column":6},"end":{"line":67,"column":23}},"type":"binary-expr","locations":[{"start":{"line":67,"column":6},"end":{"line":67,"column":15}},{"start":{"line":67,"column":19},"end":{"line":67,"column":23}}],"line":67},"9":{"loc":{"start":{"line":68,"column":6},"end":{"line":68,"column":23}},"type":"binary-expr","locations":[{"start":{"line":68,"column":6},"end":{"line":68,"column":17}},{"start":{"line":68,"column":21},"end":{"line":68,"column":23}}],"line":68},"10":{"loc":{"start":{"line":69,"column":6},"end":{"line":69,"column":46}},"type":"binary-expr","locations":[{"start":{"line":69,"column":6},"end":{"line":69,"column":23}},{"start":{"line":69,"column":27},"end":{"line":69,"column":46}}],"line":69},"11":{"loc":{"start":{"line":75,"column":19},"end":{"line":77,"column":50}},"type":"cond-expr","locations":[{"start":{"line":76,"column":6},"end":{"line":76,"column":71}},{"start":{"line":77,"column":6},"end":{"line":77,"column":50}}],"line":75}},"s":{"0":4,"1":6,"2":6,"3":6,"4":6,"5":1,"6":1,"7":1,"8":5,"9":1,"10":1,"11":1,"12":1,"13":4,"14":1,"15":2,"16":1,"17":1,"18":3,"19":2,"20":2,"21":1,"22":1,"23":1},"f":{"0":6,"1":1,"2":2},"b":{"0":[6,0],"1":[1,5],"2":[1,4],"3":[1,0],"4":[1,0],"5":[1,3],"6":[2,1],"7":[2,1],"8":[2,1],"9":[2,0],"10":[2,1],"11":[0,1]},"_coverageSchema":"1a1c01bbd47fc00a2c39e90264f33305004495a9","hash":"74cd3ad5d4125b1a75dbc113d6dc6849763080e8"}
,"C:\\Users\\mateu\\Documents\\gitlab\\plataforma-de-divulgacao-de-eventos\\src\\utils\\helpers\\messages.js": {"path":"C:\\Users\\mateu\\Documents\\gitlab\\plataforma-de-divulgacao-de-eventos\\src\\utils\\helpers\\messages.js","statementMap":{"0":{"start":{"line":3,"column":17},"end":{"line":116,"column":1}},"1":{"start":{"line":7,"column":36},"end":{"line":7,"column":77}},"2":{"start":{"line":33,"column":43},"end":{"line":33,"column":95}},"3":{"start":{"line":34,"column":36},"end":{"line":34,"column":71}},"4":{"start":{"line":35,"column":56},"end":{"line":35,"column":117}},"5":{"start":{"line":36,"column":38},"end":{"line":36,"column":77}},"6":{"start":{"line":37,"column":39},"end":{"line":37,"column":75}},"7":{"start":{"line":38,"column":39},"end":{"line":38,"column":112}},"8":{"start":{"line":39,"column":38},"end":{"line":39,"column":71}},"9":{"start":{"line":40,"column":44},"end":{"line":40,"column":83}},"10":{"start":{"line":41,"column":40},"end":{"line":41,"column":76}},"11":{"start":{"line":42,"column":41},"end":{"line":42,"column":82}},"12":{"start":{"line":48,"column":44},"end":{"line":48,"column":81}},"13":{"start":{"line":49,"column":44},"end":{"line":49,"column":96}},"14":{"start":{"line":50,"column":47},"end":{"line":50,"column":103}},"15":{"start":{"line":51,"column":36},"end":{"line":51,"column":81}},"16":{"start":{"line":52,"column":37},"end":{"line":52,"column":100}},"17":{"start":{"line":53,"column":48},"end":{"line":53,"column":127}},"18":{"start":{"line":54,"column":44},"end":{"line":54,"column":81}},"19":{"start":{"line":55,"column":44},"end":{"line":55,"column":85}},"20":{"start":{"line":56,"column":44},"end":{"line":56,"column":83}},"21":{"start":{"line":57,"column":50},"end":{"line":57,"column":75}},"22":{"start":{"line":60,"column":60},"end":{"line":60,"column":124}},"23":{"start":{"line":86,"column":34},"end":{"line":86,"column":76}},"24":{"start":{"line":88,"column":39},"end":{"line":88,"column":88}},"25":{"start":{"line":93,"column":39},"end":{"line":93,"column":85}}},"fnMap":{"0":{"name":"(anonymous_0)","decl":{"start":{"line":7,"column":22},"end":{"line":7,"column":23}},"loc":{"start":{"line":7,"column":36},"end":{"line":7,"column":77}},"line":7},"1":{"name":"(anonymous_1)","decl":{"start":{"line":33,"column":29},"end":{"line":33,"column":30}},"loc":{"start":{"line":33,"column":43},"end":{"line":33,"column":95}},"line":33},"2":{"name":"(anonymous_2)","decl":{"start":{"line":34,"column":22},"end":{"line":34,"column":23}},"loc":{"start":{"line":34,"column":36},"end":{"line":34,"column":71}},"line":34},"3":{"name":"(anonymous_3)","decl":{"start":{"line":35,"column":26},"end":{"line":35,"column":27}},"loc":{"start":{"line":35,"column":56},"end":{"line":35,"column":117}},"line":35},"4":{"name":"(anonymous_4)","decl":{"start":{"line":36,"column":28},"end":{"line":36,"column":29}},"loc":{"start":{"line":36,"column":38},"end":{"line":36,"column":77}},"line":36},"5":{"name":"(anonymous_5)","decl":{"start":{"line":37,"column":29},"end":{"line":37,"column":30}},"loc":{"start":{"line":37,"column":39},"end":{"line":37,"column":75}},"line":37},"6":{"name":"(anonymous_6)","decl":{"start":{"line":38,"column":24},"end":{"line":38,"column":25}},"loc":{"start":{"line":38,"column":39},"end":{"line":38,"column":112}},"line":38},"7":{"name":"(anonymous_7)","decl":{"start":{"line":39,"column":23},"end":{"line":39,"column":24}},"loc":{"start":{"line":39,"column":38},"end":{"line":39,"column":71}},"line":39},"8":{"name":"(anonymous_8)","decl":{"start":{"line":40,"column":29},"end":{"line":40,"column":30}},"loc":{"start":{"line":40,"column":44},"end":{"line":40,"column":83}},"line":40},"9":{"name":"(anonymous_9)","decl":{"start":{"line":41,"column":25},"end":{"line":41,"column":26}},"loc":{"start":{"line":41,"column":40},"end":{"line":41,"column":76}},"line":41},"10":{"name":"(anonymous_10)","decl":{"start":{"line":42,"column":26},"end":{"line":42,"column":27}},"loc":{"start":{"line":42,"column":41},"end":{"line":42,"column":82}},"line":42},"11":{"name":"(anonymous_11)","decl":{"start":{"line":48,"column":29},"end":{"line":48,"column":30}},"loc":{"start":{"line":48,"column":44},"end":{"line":48,"column":81}},"line":48},"12":{"name":"(anonymous_12)","decl":{"start":{"line":49,"column":29},"end":{"line":49,"column":30}},"loc":{"start":{"line":49,"column":44},"end":{"line":49,"column":96}},"line":49},"13":{"name":"(anonymous_13)","decl":{"start":{"line":50,"column":32},"end":{"line":50,"column":33}},"loc":{"start":{"line":50,"column":47},"end":{"line":50,"column":103}},"line":50},"14":{"name":"(anonymous_14)","decl":{"start":{"line":51,"column":21},"end":{"line":51,"column":22}},"loc":{"start":{"line":51,"column":36},"end":{"line":51,"column":81}},"line":51},"15":{"name":"(anonymous_15)","decl":{"start":{"line":52,"column":22},"end":{"line":52,"column":23}},"loc":{"start":{"line":52,"column":37},"end":{"line":52,"column":100}},"line":52},"16":{"name":"(anonymous_16)","decl":{"start":{"line":53,"column":25},"end":{"line":53,"column":26}},"loc":{"start":{"line":53,"column":48},"end":{"line":53,"column":127}},"line":53},"17":{"name":"(anonymous_17)","decl":{"start":{"line":54,"column":29},"end":{"line":54,"column":30}},"loc":{"start":{"line":54,"column":44},"end":{"line":54,"column":81}},"line":54},"18":{"name":"(anonymous_18)","decl":{"start":{"line":55,"column":29},"end":{"line":55,"column":30}},"loc":{"start":{"line":55,"column":44},"end":{"line":55,"column":85}},"line":55},"19":{"name":"(anonymous_19)","decl":{"start":{"line":56,"column":29},"end":{"line":56,"column":30}},"loc":{"start":{"line":56,"column":44},"end":{"line":56,"column":83}},"line":56},"20":{"name":"(anonymous_20)","decl":{"start":{"line":57,"column":35},"end":{"line":57,"column":36}},"loc":{"start":{"line":57,"column":50},"end":{"line":57,"column":75}},"line":57},"21":{"name":"(anonymous_21)","decl":{"start":{"line":60,"column":35},"end":{"line":60,"column":36}},"loc":{"start":{"line":60,"column":60},"end":{"line":60,"column":124}},"line":60},"22":{"name":"(anonymous_22)","decl":{"start":{"line":86,"column":22},"end":{"line":86,"column":23}},"loc":{"start":{"line":86,"column":34},"end":{"line":86,"column":76}},"line":86},"23":{"name":"(anonymous_23)","decl":{"start":{"line":88,"column":24},"end":{"line":88,"column":25}},"loc":{"start":{"line":88,"column":39},"end":{"line":88,"column":88}},"line":88},"24":{"name":"(anonymous_24)","decl":{"start":{"line":93,"column":28},"end":{"line":93,"column":29}},"loc":{"start":{"line":93,"column":39},"end":{"line":93,"column":85}},"line":93}},"branchMap":{},"s":{"0":7,"1":1,"2":0,"3":0,"4":0,"5":1,"6":1,"7":1,"8":1,"9":0,"10":0,"11":8,"12":1,"13":1,"14":1,"15":1,"16":1,"17":1,"18":1,"19":1,"20":1,"21":1,"22":1,"23":1,"24":1,"25":1},"f":{"0":1,"1":0,"2":0,"3":0,"4":1,"5":1,"6":1,"7":1,"8":0,"9":0,"10":8,"11":1,"12":1,"13":1,"14":1,"15":1,"16":1,"17":1,"18":1,"19":1,"20":1,"21":1,"22":1,"23":1,"24":1},"b":{},"_coverageSchema":"1a1c01bbd47fc00a2c39e90264f33305004495a9","hash":"39385023564496ee2ebec6a7333bc4968cef4910"}
,"C:\\Users\\mateu\\Documents\\gitlab\\plataforma-de-divulgacao-de-eventos\\src\\utils\\validators\\schemas\\zod\\ObjectIdSchema.js": {"path":"C:\\Users\\mateu\\Documents\\gitlab\\plataforma-de-divulgacao-de-eventos\\src\\utils\\validators\\schemas\\zod\\ObjectIdSchema.js","statementMap":{"0":{"start":{"line":6,"column":23},"end":{"line":6,"column":88}}},"fnMap":{},"branchMap":{},"s":{"0":2},"f":{},"b":{},"_coverageSchema":"1a1c01bbd47fc00a2c39e90264f33305004495a9","hash":"e0df905272ec4a869463430b12265f2864a441f4"}
}
