TN:
SF:src\controllers\EventoController.js
FN:18,(anonymous_0)
FN:23,(anonymous_1)
FN:45,(anonymous_2)
FN:66,(anonymous_3)
FN:78,(anonymous_4)
FN:99,(anonymous_5)
FNF:6
FNH:6
FNDA:13,(anonymous_0)
FNDA:1,(anonymous_1)
FNDA:4,(anonymous_2)
FNDA:2,(anonymous_3)
FNDA:3,(anonymous_4)
FNDA:3,(anonymous_5)
DA:19,13
DA:25,1
DA:30,1
DA:38,1
DA:39,1
DA:41,1
DA:46,4
DA:48,4
DA:49,3
DA:51,2
DA:53,2
DA:54,1
DA:57,1
DA:60,1
DA:61,1
DA:67,2
DA:68,2
DA:70,1
DA:72,1
DA:74,1
DA:79,3
DA:80,3
DA:82,2
DA:84,2
DA:85,1
DA:93,1
DA:95,1
DA:100,3
DA:102,3
DA:103,1
DA:112,2
DA:114,1
DA:115,1
LF:33
LH:33
BRDA:48,0,0,3
BRDA:48,0,1,1
BRDA:53,1,0,1
BRDA:53,1,1,1
BRDA:84,2,0,1
BRDA:84,2,1,1
BRDA:100,3,0,3
BRDA:100,3,1,0
BRDA:102,4,0,1
BRDA:102,4,1,2
BRF:10
BRH:9
end_of_record
TN:
SF:src\middlewares\asyncWrapper.js
FN:3,(anonymous_0)
FN:4,(anonymous_1)
FNF:2
FNH:2
FNDA:3,(anonymous_0)
FNDA:3,(anonymous_1)
DA:3,4
DA:4,3
DA:5,3
LF:3
LH:3
BRF:0
BRH:0
end_of_record
TN:
SF:src\models\Evento.js
FN:8,(anonymous_0)
FN:28,(anonymous_1)
FN:39,(anonymous_2)
FN:49,(anonymous_3)
FN:59,(anonymous_4)
FNF:5
FNH:5
FNDA:4,(anonymous_0)
FNDA:31,(anonymous_1)
FNDA:31,(anonymous_2)
FNDA:31,(anonymous_3)
FNDA:31,(anonymous_4)
DA:9,4
DA:28,31
DA:39,31
DA:49,31
DA:59,31
DA:68,4
DA:70,4
LF:7
LH:7
BRF:0
BRH:0
end_of_record
TN:
SF:src\models\Usuario.js
FN:6,(anonymous_0)
FNF:1
FNH:1
FNDA:5,(anonymous_0)
DA:7,5
DA:19,5
DA:21,5
LF:3
LH:3
BRF:0
BRH:0
end_of_record
TN:
SF:src\repositories\EventoRepository.js
FN:9,(anonymous_0)
FN:18,(anonymous_1)
FN:23,(anonymous_2)
FN:29,(anonymous_3)
FN:46,(anonymous_4)
FN:62,(anonymous_5)
FN:78,(anonymous_6)
FNF:7
FNH:7
FNDA:33,(anonymous_0)
FNDA:5,(anonymous_1)
FNDA:2,(anonymous_2)
FNDA:3,(anonymous_3)
FNDA:3,(anonymous_4)
FNDA:3,(anonymous_5)
FNDA:3,(anonymous_6)
DA:13,33
DA:14,33
DA:19,5
DA:24,2
DA:25,1
DA:30,3
DA:32,2
DA:33,1
DA:42,1
DA:47,3
DA:49,2
DA:50,1
DA:58,1
DA:63,3
DA:65,2
DA:66,1
DA:74,1
DA:79,3
DA:80,2
LF:19
LH:19
BRDA:9,0,0,14
BRDA:10,1,0,14
BRDA:11,2,0,33
BRDA:32,3,0,1
BRDA:32,3,1,1
BRDA:49,4,0,1
BRDA:49,4,1,1
BRDA:65,5,0,1
BRDA:65,5,1,1
BRF:9
BRH:9
end_of_record
TN:
SF:src\services\EventoService.js
FN:8,(anonymous_0)
FN:13,(anonymous_1)
FN:19,(anonymous_2)
FN:29,(anonymous_3)
FN:37,(anonymous_4)
FN:45,(anonymous_5)
FN:59,(anonymous_6)
FNF:7
FNH:7
FNDA:14,(anonymous_0)
FNDA:2,(anonymous_1)
FNDA:5,(anonymous_2)
FNDA:4,(anonymous_3)
FNDA:4,(anonymous_4)
FNDA:4,(anonymous_5)
FNDA:12,(anonymous_6)
DA:9,14
DA:14,2
DA:15,1
DA:20,5
DA:21,3
DA:22,2
DA:25,2
DA:30,4
DA:32,2
DA:33,1
DA:38,4
DA:40,2
DA:41,1
DA:46,4
DA:48,2
DA:49,1
DA:60,12
DA:61,10
DA:62,10
DA:63,4
DA:71,6
LF:21
LH:21
BRDA:20,0,0,3
BRDA:20,0,1,2
BRDA:62,1,0,4
BRDA:62,1,1,6
BRF:4
BRH:4
end_of_record
TN:
SF:src\utils\helpers\CommonResponse.js
FN:6,(anonymous_0)
FN:14,(anonymous_1)
FN:24,(anonymous_2)
FN:30,(anonymous_3)
FN:36,(anonymous_4)
FN:40,(anonymous_5)
FNF:6
FNH:6
FNDA:10,(anonymous_0)
FNDA:10,(anonymous_1)
FNDA:4,(anonymous_2)
FNDA:2,(anonymous_3)
FNDA:2,(anonymous_4)
FNDA:2,(anonymous_5)
DA:7,10
DA:8,10
DA:9,10
DA:10,10
DA:11,10
DA:15,10
DA:25,4
DA:26,4
DA:27,4
DA:31,2
DA:32,2
DA:33,2
DA:37,2
DA:41,2
DA:42,2
DA:43,2
LF:16
LH:16
BRDA:6,0,0,0
BRDA:6,1,0,0
BRDA:6,2,0,0
BRDA:6,3,0,0
BRDA:24,4,0,1
BRDA:24,5,0,1
BRDA:25,6,0,4
BRDA:25,6,1,2
BRDA:30,7,0,1
BRDA:30,8,0,1
BRDA:30,9,0,1
BRDA:31,10,0,2
BRDA:31,10,1,1
BRDA:36,11,0,1
BRDA:40,12,0,1
BRDA:41,13,0,2
BRDA:41,13,1,1
BRF:17
BRH:13
end_of_record
TN:
SF:src\utils\helpers\CustomError.js
FN:24,(anonymous_0)
FNF:1
FNH:1
FNDA:7,(anonymous_0)
DA:26,7
DA:27,7
DA:28,7
DA:29,7
DA:30,7
DA:31,7
DA:32,7
DA:34,7
DA:35,7
LF:9
LH:9
BRDA:24,0,0,0
BRDA:24,1,0,2
BRDA:24,2,0,2
BRDA:24,3,0,1
BRDA:26,4,0,7
BRDA:26,4,1,1
BRF:6
BRH:5
end_of_record
TN:
SF:src\utils\helpers\HttpStatusCodes.js
FNF:0
FNH:0
DA:4,6
DA:5,6
DA:6,6
DA:7,6
DA:8,6
DA:9,6
DA:10,6
DA:11,6
DA:13,6
DA:14,6
DA:15,6
DA:16,6
DA:17,6
DA:18,6
DA:19,6
DA:20,6
DA:22,6
DA:23,6
DA:24,6
DA:25,6
DA:26,6
DA:27,6
DA:28,6
DA:29,6
DA:30,6
DA:31,6
DA:32,6
DA:33,6
DA:34,6
DA:35,6
DA:36,6
DA:38,6
DA:39,6
DA:40,6
DA:41,6
LF:35
LH:35
BRF:0
BRH:0
end_of_record
TN:
SF:src\utils\helpers\StatusService.js
FN:12,(anonymous_0)
FN:13,(anonymous_1)
FN:23,(anonymous_2)
FNF:3
FNH:3
FNDA:2,(anonymous_0)
FNDA:37,(anonymous_1)
FNDA:3,(anonymous_2)
DA:13,37
DA:14,2
DA:24,3
DA:25,2
DA:26,1
DA:28,1
DA:30,1
LF:7
LH:7
BRDA:14,0,0,1
BRDA:14,0,1,1
BRDA:23,1,0,2
BRDA:24,2,0,2
BRDA:24,2,1,1
BRDA:25,3,0,1
BRDA:25,3,1,1
BRF:7
BRH:7
end_of_record
TN:
SF:src\utils\helpers\errorHandler.js
FN:18,(anonymous_0)
FN:33,(anonymous_1)
FN:55,(anonymous_2)
FNF:3
FNH:3
FNDA:5,(anonymous_0)
FNDA:1,(anonymous_1)
FNDA:2,(anonymous_2)
DA:18,3
DA:20,5
DA:22,5
DA:23,5
DA:26,5
DA:27,1
DA:28,1
DA:33,1
DA:39,4
DA:40,1
DA:41,1
DA:42,1
DA:43,1
DA:54,3
DA:55,2
DA:56,1
DA:57,1
DA:61,2
DA:62,1
DA:63,1
DA:74,1
DA:75,1
DA:79,1
LF:23
LH:23
BRDA:23,0,0,5
BRDA:23,0,1,0
BRDA:26,1,0,1
BRDA:26,1,1,4
BRDA:39,2,0,1
BRDA:39,2,1,3
BRDA:40,3,0,1
BRDA:40,3,1,0
BRDA:41,4,0,1
BRDA:41,4,1,0
BRDA:54,5,0,1
BRDA:54,5,1,2
BRDA:61,6,0,1
BRDA:61,6,1,1
BRDA:66,7,0,1
BRDA:66,7,1,0
BRDA:67,8,0,1
BRDA:67,8,1,0
BRDA:68,9,0,1
BRDA:68,9,1,0
BRDA:69,10,0,1
BRDA:69,10,1,0
BRDA:75,11,0,0
BRDA:75,11,1,1
BRF:24
BRH:16
end_of_record
TN:
SF:src\utils\helpers\messages.js
FN:7,(anonymous_0)
FN:33,(anonymous_1)
FN:34,(anonymous_2)
FN:35,(anonymous_3)
FN:36,(anonymous_4)
FN:37,(anonymous_5)
FN:38,(anonymous_6)
FN:39,(anonymous_7)
FN:40,(anonymous_8)
FN:41,(anonymous_9)
FN:42,(anonymous_10)
FN:48,(anonymous_11)
FN:49,(anonymous_12)
FN:50,(anonymous_13)
FN:51,(anonymous_14)
FN:52,(anonymous_15)
FN:53,(anonymous_16)
FN:54,(anonymous_17)
FN:55,(anonymous_18)
FN:56,(anonymous_19)
FN:57,(anonymous_20)
FN:60,(anonymous_21)
FN:86,(anonymous_22)
FN:88,(anonymous_23)
FN:93,(anonymous_24)
FNF:25
FNH:25
FNDA:1,(anonymous_0)
FNDA:1,(anonymous_1)
FNDA:1,(anonymous_2)
FNDA:1,(anonymous_3)
FNDA:1,(anonymous_4)
FNDA:1,(anonymous_5)
FNDA:1,(anonymous_6)
FNDA:1,(anonymous_7)
FNDA:1,(anonymous_8)
FNDA:1,(anonymous_9)
FNDA:5,(anonymous_10)
FNDA:1,(anonymous_11)
FNDA:1,(anonymous_12)
FNDA:1,(anonymous_13)
FNDA:1,(anonymous_14)
FNDA:1,(anonymous_15)
FNDA:1,(anonymous_16)
FNDA:1,(anonymous_17)
FNDA:1,(anonymous_18)
FNDA:1,(anonymous_19)
FNDA:1,(anonymous_20)
FNDA:1,(anonymous_21)
FNDA:1,(anonymous_22)
FNDA:1,(anonymous_23)
FNDA:1,(anonymous_24)
DA:3,7
DA:7,1
DA:33,1
DA:34,1
DA:35,1
DA:36,1
DA:37,1
DA:38,1
DA:39,1
DA:40,1
DA:41,1
DA:42,5
DA:48,1
DA:49,1
DA:50,1
DA:51,1
DA:52,1
DA:53,1
DA:54,1
DA:55,1
DA:56,1
DA:57,1
DA:60,1
DA:86,1
DA:88,1
DA:93,1
LF:26
LH:26
BRF:0
BRH:0
end_of_record
TN:
SF:src\utils\validators\schemas\zod\EventoSchema.js
FNF:0
FNH:0
DA:7,1
DA:15,1
DA:33,1
LF:3
LH:3
BRF:0
BRH:0
end_of_record
TN:
SF:src\utils\validators\schemas\zod\ObjectIdSchema.js
FNF:0
FNH:0
DA:6,3
LF:1
LH:1
BRF:0
BRH:0
end_of_record
